ERC report (2026-02-19T23:37:07+0000, Encoding UTF8)

***** Sheet /
[lib_symbol_mismatch]: Symbol 'BC549' doesn't match copy in library 'Transistor_BJT'
    ; warning
    @(1.3335 mm, 0.6985 mm): Symbol Q101 [BC549]

[footprint_link_issues]: The current configuration does not include the footprint library 'RD-Testpoints'.
    ; warning
    @(1.4605 mm, 0.5461 mm): Symbol TP101 [TestPoint]

[lib_symbol_mismatch]: Symbol 'Thermistor_NTC' doesn't match copy in library 'Device'
    ; warning
    @(0.762 mm, 1.4097 mm): Symbol TH301 [Thermistor_NTC]

[footprint_link_issues]: The current configuration does not include the footprint library 'RD-Testpoints'.
    ; warning
    @(1.3716 mm, 1.27 mm): Symbol TP401 [TestPoint]

[footprint_link_issues]: The current configuration does not include the footprint library 'RD-Testpoints'.
    ; warning
    @(1.3716 mm, 1.778 mm): Symbol TP901 [TestPoint]

[footprint_link_issues]: The current configuration does not include the footprint library 'RD-Testpoints'.
    ; warning
    @(1.3716 mm, 1.9558 mm): Symbol TP902 [TestPoint]

[footprint_link_issues]: The current configuration does not include the footprint library 'RD-Testpoints'.
    ; warning
    @(2.5146 mm, 0.5461 mm): Symbol TP201 [TestPoint]

[footprint_link_issues]: The current configuration does not include the footprint library 'RD-Symbols-Silkscreen'.
    ; warning
    @(1.7526 mm, 1.9431 mm): Symbol ID901 [BOARD_STACKUP_MARKER]

[lib_symbol_issues]: The current configuration does not include the symbol library 'Ryan-Dynamics'
    ; warning
    @(1.7526 mm, 1.9431 mm): Symbol ID901 [BOARD_STACKUP_MARKER]

[footprint_link_issues]: The current configuration does not include the footprint library 'RD-Testpoints'.
    ; warning
    @(2.54 mm, 1.8161 mm): Symbol TP702 [TestPoint]

[footprint_link_issues]: The current configuration does not include the footprint library 'RD-Testpoints'.
    ; warning
    @(3.2004 mm, 1.778 mm): Symbol TP701 [TestPoint]

***** Sheet /SCHEMATIC/
***** Sheet /REVISION HISTORY/
 ** ERC messages: 11  Errors 0  Warnings 11
